<!DOCTYPE html PUBLIC "-//W3C//DTD XHTML 1.1//EN" "https://www.w3.org/TR/xhtml11/DTD/xhtml11.dtd">
<html xmlns="https://www.w3.org/1999/xhtml">
<head>
<meta http-equiv="content-type" content="text/html; charset=UTF-8"/>
<title>TestNG Report</title>
<style type="text/css">table {margin-bottom:10px;border-collapse:collapse;empty-cells:show}th,td {border:1px solid #009;padding:.25em .5em}th {vertical-align:bottom}td {vertical-align:top}table a {font-weight:bold}.stripe td {background-color: #E6EBF9}.num {text-align:right}.passedodd td {background-color: #3F3}.passedeven td {background-color: #0A0}.skippedodd td {background-color: #DDD}.skippedeven td {background-color: #CCC}.failedodd td,.attn {background-color: #F33}.failedeven td,.stripe .attn {background-color: #D00}.stacktrace {white-space:pre;font-family:monospace}.totop {font-size:85%;text-align:center;border-bottom:2px solid #000}.invisible {display:none}</style>
</head>
<body>
<table>
<tr><th>Test</th><th># Passed</th><th># Skipped</th><th># Retried</th><th># Failed</th><th>Time (ms)</th><th>Included Groups</th><th>Excluded Groups</th></tr>
<tr><th colspan="8">Command line suite</th></tr>
<tr><td><a href="#t0">Command line test</a></td><td class="num">٢</td><td class="num">٠</td><td class="num">٠</td><td class="num attn">١٥</td><td class="num">٥٬٢٨١</td><td></td><td></td></tr>
</table>
<table id='summary'><thead><tr><th>Class</th><th>Method</th><th>Start</th><th>Time (ms)</th></tr></thead><tbody><tr><th colspan="4">Command line suite</th></tr></tbody><tbody id="t٠"><tr><th colspan="4">Command line test &#8212; failed</th></tr><tr class="failedeven"><td rowspan="15">TestRespones</td><td><a href="#m0">testDelAllEmp</a></td><td rowspan="1">1611214696536</td><td rowspan="1">188</td></tr><tr class="failedeven"><td><a href="#m1">testDelEmp</a></td><td rowspan="5">1611214698213</td><td rowspan="5">177</td></tr><tr class="failedeven"><td><a href="#m2">testDelEmp</a></td></tr><tr class="failedeven"><td><a href="#m3">testDelEmp</a></td></tr><tr class="failedeven"><td><a href="#m4">testDelEmp</a></td></tr><tr class="failedeven"><td><a href="#m5">testDelEmp</a></td></tr><tr class="failedeven"><td><a href="#m6">testPostEmp</a></td><td rowspan="5">1611214699126</td><td rowspan="5">201</td></tr><tr class="failedeven"><td><a href="#m7">testPostEmp</a></td></tr><tr class="failedeven"><td><a href="#m8">testPostEmp</a></td></tr><tr class="failedeven"><td><a href="#m9">testPostEmp</a></td></tr><tr class="failedeven"><td><a href="#m10">testPostEmp</a></td></tr><tr class="failedeven"><td><a href="#m11">testPutEmp</a></td><td rowspan="4">1611214700918</td><td rowspan="4">408</td></tr><tr class="failedeven"><td><a href="#m12">testPutEmp</a></td></tr><tr class="failedeven"><td><a href="#m13">testPutEmp</a></td></tr><tr class="failedeven"><td><a href="#m14">testPutEmp</a></td></tr><tr><th colspan="4">Command line test &#8212; passed</th></tr><tr class="passedeven"><td rowspan="2">TestRespones</td><td><a href="#m15">testGetAllEmp</a></td><td rowspan="1">1611214698559</td><td rowspan="1">186</td></tr><tr class="passedeven"><td><a href="#m16">testMaxMinSal</a></td><td rowspan="1">1611214698746</td><td rowspan="1">269</td></tr></tbody>
</table>
<h2>Command line test</h2><h3 id="m0">TestRespones#testDelAllEmp</h3><table class="result"><tr><th>Exception</th></tr><tr><td><div class="stacktrace">java.lang.AssertionError: expected [200] but found [415]
	at TestRespones.testDelAllEmp(TestRespones.java:118)
	at java.base/java.util.ArrayList.forEach(ArrayList.java:1511)
... Removed 43 stack frames</div></td></tr></table><p class="totop"><a href="#summary">back to summary</a></p>
<h3 id="m1">TestRespones#testDelEmp</h3><table class="result"><tr class="param"><th>Parameter #1</th><th>Parameter #2</th><th>Parameter #3</th><th>Parameter #4</th><th>Parameter #5</th></tr><tr class="param stripe"><td>yes</td><td>457862</td><td>Fuad</td><td>Mohammad</td><td>4000</td></tr><tr><th colspan="٥">Exception</th></tr><tr><td colspan="٥"><div class="stacktrace">java.lang.AssertionError: expected [200] but found [415]
	at TestRespones.testDelEmp(TestRespones.java:131)
	at java.base/java.util.ArrayList.forEach(ArrayList.java:1511)
... Removed 43 stack frames</div></td></tr></table><p class="totop"><a href="#summary">back to summary</a></p>
<h3 id="m2">TestRespones#testDelEmp</h3><table class="result"><tr class="param"><th>Parameter #1</th><th>Parameter #2</th><th>Parameter #3</th><th>Parameter #4</th><th>Parameter #5</th></tr><tr class="param stripe"><td>yes</td><td>659821</td><td>Nael</td><td>Osama</td><td>5420</td></tr><tr><th colspan="٥">Exception</th></tr><tr><td colspan="٥"><div class="stacktrace">java.lang.AssertionError: expected [200] but found [415]
	at TestRespones.testDelEmp(TestRespones.java:131)
	at java.base/java.util.ArrayList.forEach(ArrayList.java:1511)
... Removed 43 stack frames</div></td></tr></table><p class="totop"><a href="#summary">back to summary</a></p>
<h3 id="m3">TestRespones#testDelEmp</h3><table class="result"><tr class="param"><th>Parameter #1</th><th>Parameter #2</th><th>Parameter #3</th><th>Parameter #4</th><th>Parameter #5</th></tr><tr class="param stripe"><td>yes</td><td>542154</td><td>Ahmad</td><td>Omar</td><td>2500</td></tr><tr><th colspan="٥">Exception</th></tr><tr><td colspan="٥"><div class="stacktrace">java.lang.AssertionError: expected [200] but found [415]
	at TestRespones.testDelEmp(TestRespones.java:131)
	at java.base/java.util.ArrayList.forEach(ArrayList.java:1511)
... Removed 43 stack frames</div></td></tr></table><p class="totop"><a href="#summary">back to summary</a></p>
<h3 id="m4">TestRespones#testDelEmp</h3><table class="result"><tr class="param"><th>Parameter #1</th><th>Parameter #2</th><th>Parameter #3</th><th>Parameter #4</th><th>Parameter #5</th></tr><tr class="param stripe"><td>yes</td><td>542185</td><td>Abd</td><td>Ramez</td><td>12500</td></tr><tr><th colspan="٥">Exception</th></tr><tr><td colspan="٥"><div class="stacktrace">java.lang.AssertionError: expected [200] but found [415]
	at TestRespones.testDelEmp(TestRespones.java:131)
	at java.base/java.util.ArrayList.forEach(ArrayList.java:1511)
... Removed 43 stack frames</div></td></tr></table><p class="totop"><a href="#summary">back to summary</a></p>
<h3 id="m5">TestRespones#testDelEmp</h3><table class="result"><tr class="param"><th>Parameter #1</th><th>Parameter #2</th><th>Parameter #3</th><th>Parameter #4</th><th>Parameter #5</th></tr><tr class="param stripe"><td>yes</td><td>458965</td><td>Baraa</td><td>Arda</td><td>3000</td></tr><tr><th colspan="٥">Exception</th></tr><tr><td colspan="٥"><div class="stacktrace">java.lang.AssertionError: expected [200] but found [415]
	at TestRespones.testDelEmp(TestRespones.java:131)
	at java.base/java.util.ArrayList.forEach(ArrayList.java:1511)
... Removed 43 stack frames</div></td></tr></table><p class="totop"><a href="#summary">back to summary</a></p>
<h3 id="m6">TestRespones#testPostEmp</h3><table class="result"><tr class="param"><th>Parameter #1</th><th>Parameter #2</th><th>Parameter #3</th><th>Parameter #4</th><th>Parameter #5</th></tr><tr class="param stripe"><td>yes</td><td>458965</td><td>Baraa</td><td>Arda</td><td>3000</td></tr><tr><th colspan="٥">Exception</th></tr><tr><td colspan="٥"><div class="stacktrace">java.lang.AssertionError: expected [0] but found [-14]
	at TestRespones.testPostEmp(TestRespones.java:60)
	at java.base/java.util.ArrayList.forEach(ArrayList.java:1511)
... Removed 43 stack frames</div></td></tr></table><p class="totop"><a href="#summary">back to summary</a></p>
<h3 id="m7">TestRespones#testPostEmp</h3><table class="result"><tr class="param"><th>Parameter #1</th><th>Parameter #2</th><th>Parameter #3</th><th>Parameter #4</th><th>Parameter #5</th></tr><tr class="param stripe"><td>yes</td><td>457862</td><td>Fuad</td><td>Mohammad</td><td>4000</td></tr><tr><th colspan="٥">Exception</th></tr><tr><td colspan="٥"><div class="stacktrace">java.lang.AssertionError: expected [0] but found [-14]
	at TestRespones.testPostEmp(TestRespones.java:60)
	at java.base/java.util.ArrayList.forEach(ArrayList.java:1511)
... Removed 43 stack frames</div></td></tr></table><p class="totop"><a href="#summary">back to summary</a></p>
<h3 id="m8">TestRespones#testPostEmp</h3><table class="result"><tr class="param"><th>Parameter #1</th><th>Parameter #2</th><th>Parameter #3</th><th>Parameter #4</th><th>Parameter #5</th></tr><tr class="param stripe"><td>yes</td><td>542185</td><td>Abd</td><td>Ramez</td><td>12500</td></tr><tr><th colspan="٥">Exception</th></tr><tr><td colspan="٥"><div class="stacktrace">java.lang.AssertionError: expected [0] but found [-14]
	at TestRespones.testPostEmp(TestRespones.java:60)
	at java.base/java.util.ArrayList.forEach(ArrayList.java:1511)
... Removed 43 stack frames</div></td></tr></table><p class="totop"><a href="#summary">back to summary</a></p>
<h3 id="m9">TestRespones#testPostEmp</h3><table class="result"><tr class="param"><th>Parameter #1</th><th>Parameter #2</th><th>Parameter #3</th><th>Parameter #4</th><th>Parameter #5</th></tr><tr class="param stripe"><td>yes</td><td>542154</td><td>Ahmad</td><td>Omar</td><td>2500</td></tr><tr><th colspan="٥">Exception</th></tr><tr><td colspan="٥"><div class="stacktrace">java.lang.AssertionError: expected [0] but found [-14]
	at TestRespones.testPostEmp(TestRespones.java:60)
	at java.base/java.util.ArrayList.forEach(ArrayList.java:1511)
... Removed 43 stack frames</div></td></tr></table><p class="totop"><a href="#summary">back to summary</a></p>
<h3 id="m10">TestRespones#testPostEmp</h3><table class="result"><tr class="param"><th>Parameter #1</th><th>Parameter #2</th><th>Parameter #3</th><th>Parameter #4</th><th>Parameter #5</th></tr><tr class="param stripe"><td>yes</td><td>659821</td><td>Nael</td><td>Osama</td><td>5420</td></tr><tr><th colspan="٥">Exception</th></tr><tr><td colspan="٥"><div class="stacktrace">java.lang.AssertionError: expected [0] but found [-14]
	at TestRespones.testPostEmp(TestRespones.java:60)
	at java.base/java.util.ArrayList.forEach(ArrayList.java:1511)
... Removed 43 stack frames</div></td></tr></table><p class="totop"><a href="#summary">back to summary</a></p>
<h3 id="m11">TestRespones#testPutEmp</h3><table class="result"><tr class="param"><th>Parameter #1</th><th>Parameter #2</th><th>Parameter #3</th><th>Parameter #4</th><th>Parameter #5</th><th>Parameter #6</th></tr><tr class="param stripe"><td>yes</td><td>457862</td><td>222222</td><td>Raed</td><td>Thaer</td><td>5410</td></tr><tr><th colspan="٦">Exception</th></tr><tr><td colspan="٦"><div class="stacktrace">java.lang.AssertionError: expected [Raed] but found [Thaer]
	at TestRespones.testPutEmp(TestRespones.java:101)
	at java.base/java.util.ArrayList.forEach(ArrayList.java:1511)
... Removed 42 stack frames</div></td></tr></table><p class="totop"><a href="#summary">back to summary</a></p>
<h3 id="m12">TestRespones#testPutEmp</h3><table class="result"><tr class="param"><th>Parameter #1</th><th>Parameter #2</th><th>Parameter #3</th><th>Parameter #4</th><th>Parameter #5</th><th>Parameter #6</th></tr><tr class="param stripe"><td>yes</td><td>458965</td><td>555555</td><td>Firas</td><td>Arda</td><td>2500</td></tr><tr><th colspan="٦">Exception</th></tr><tr><td colspan="٦"><div class="stacktrace">java.lang.AssertionError: expected [2500] but found [1250.0]
	at TestRespones.testPutEmp(TestRespones.java:103)
	at java.base/java.util.ArrayList.forEach(ArrayList.java:1511)
... Removed 42 stack frames</div></td></tr></table><p class="totop"><a href="#summary">back to summary</a></p>
<h3 id="m13">TestRespones#testPutEmp</h3><table class="result"><tr class="param"><th>Parameter #1</th><th>Parameter #2</th><th>Parameter #3</th><th>Parameter #4</th><th>Parameter #5</th><th>Parameter #6</th></tr><tr class="param stripe"><td>yes</td><td>542185</td><td>101010</td><td>Rand</td><td>Wael</td><td>1600</td></tr><tr><th colspan="٦">Exception</th></tr><tr><td colspan="٦"><div class="stacktrace">java.lang.AssertionError: expected [Rand] but found [Wael]
	at TestRespones.testPutEmp(TestRespones.java:101)
	at java.base/java.util.ArrayList.forEach(ArrayList.java:1511)
... Removed 42 stack frames</div></td></tr></table><p class="totop"><a href="#summary">back to summary</a></p>
<h3 id="m14">TestRespones#testPutEmp</h3><table class="result"><tr class="param"><th>Parameter #1</th><th>Parameter #2</th><th>Parameter #3</th><th>Parameter #4</th><th>Parameter #5</th><th>Parameter #6</th></tr><tr class="param stripe"><td>yes</td><td>659821</td><td>333333</td><td>Qasem</td><td>Osama</td><td>4400</td></tr><tr><th colspan="٦">Exception</th></tr><tr><td colspan="٦"><div class="stacktrace">java.lang.AssertionError: expected [Qasem] but found [Osama]
	at TestRespones.testPutEmp(TestRespones.java:101)
	at java.base/java.util.ArrayList.forEach(ArrayList.java:1511)
... Removed 42 stack frames</div></td></tr></table><p class="totop"><a href="#summary">back to summary</a></p>
<h3 id="m15">TestRespones#testGetAllEmp</h3><table class="result"><tr><th class="invisible"/></tr></table><p class="totop"><a href="#summary">back to summary</a></p>
<h3 id="m16">TestRespones#testMaxMinSal</h3><table class="result"><tr><th class="invisible"/></tr></table><p class="totop"><a href="#summary">back to summary</a></p>
</body>
</html>
