-------------------------------------------------------------------------------
Test set: TestSuite
-------------------------------------------------------------------------------
Tests run: 17, Failures: 15, Errors: 0, Skipped: 0, Time elapsed: 6.083 sec <<< FAILURE!
testDelAllEmp(TestRespones)  Time elapsed: 0.2 sec  <<< FAILURE!
java.lang.AssertionError: expected [200] but found [415]
	at org.testng.Assert.fail(Assert.java:99)
	at org.testng.Assert.failNotEquals(Assert.java:1037)
	at org.testng.Assert.assertEqualsImpl(Assert.java:140)
	at org.testng.Assert.assertEquals(Assert.java:122)
	at org.testng.Assert.assertEquals(Assert.java:907)
	at org.testng.Assert.assertEquals(Assert.java:917)
	at TestRespones.testDelAllEmp(TestRespones.java:118)

testDelEmp(TestRespones)  Time elapsed: 0.164 sec  <<< FAILURE!
java.lang.AssertionError: expected [200] but found [415]
	at org.testng.Assert.fail(Assert.java:99)
	at org.testng.Assert.failNotEquals(Assert.java:1037)
	at org.testng.Assert.assertEqualsImpl(Assert.java:140)
	at org.testng.Assert.assertEquals(Assert.java:122)
	at org.testng.Assert.assertEquals(Assert.java:907)
	at org.testng.Assert.assertEquals(Assert.java:917)
	at TestRespones.testDelEmp(TestRespones.java:131)

testDelEmp(TestRespones)  Time elapsed: 0.157 sec  <<< FAILURE!
java.lang.AssertionError: expected [200] but found [415]
	at org.testng.Assert.fail(Assert.java:99)
	at org.testng.Assert.failNotEquals(Assert.java:1037)
	at org.testng.Assert.assertEqualsImpl(Assert.java:140)
	at org.testng.Assert.assertEquals(Assert.java:122)
	at org.testng.Assert.assertEquals(Assert.java:907)
	at org.testng.Assert.assertEquals(Assert.java:917)
	at TestRespones.testDelEmp(TestRespones.java:131)

testDelEmp(TestRespones)  Time elapsed: 0.18 sec  <<< FAILURE!
java.lang.AssertionError: expected [200] but found [415]
	at org.testng.Assert.fail(Assert.java:99)
	at org.testng.Assert.failNotEquals(Assert.java:1037)
	at org.testng.Assert.assertEqualsImpl(Assert.java:140)
	at org.testng.Assert.assertEquals(Assert.java:122)
	at org.testng.Assert.assertEquals(Assert.java:907)
	at org.testng.Assert.assertEquals(Assert.java:917)
	at TestRespones.testDelEmp(TestRespones.java:131)

testDelEmp(TestRespones)  Time elapsed: 0.18 sec  <<< FAILURE!
java.lang.AssertionError: expected [200] but found [415]
	at org.testng.Assert.fail(Assert.java:99)
	at org.testng.Assert.failNotEquals(Assert.java:1037)
	at org.testng.Assert.assertEqualsImpl(Assert.java:140)
	at org.testng.Assert.assertEquals(Assert.java:122)
	at org.testng.Assert.assertEquals(Assert.java:907)
	at org.testng.Assert.assertEquals(Assert.java:917)
	at TestRespones.testDelEmp(TestRespones.java:131)

testDelEmp(TestRespones)  Time elapsed: 0.163 sec  <<< FAILURE!
java.lang.AssertionError: expected [200] but found [415]
	at org.testng.Assert.fail(Assert.java:99)
	at org.testng.Assert.failNotEquals(Assert.java:1037)
	at org.testng.Assert.assertEqualsImpl(Assert.java:140)
	at org.testng.Assert.assertEquals(Assert.java:122)
	at org.testng.Assert.assertEquals(Assert.java:907)
	at org.testng.Assert.assertEquals(Assert.java:917)
	at TestRespones.testDelEmp(TestRespones.java:131)

testPostEmp(TestRespones)  Time elapsed: 0.194 sec  <<< FAILURE!
java.lang.AssertionError: expected [0] but found [-14]
	at org.testng.Assert.fail(Assert.java:99)
	at org.testng.Assert.failNotEquals(Assert.java:1037)
	at org.testng.Assert.assertEqualsImpl(Assert.java:140)
	at org.testng.Assert.assertEquals(Assert.java:122)
	at org.testng.Assert.assertEquals(Assert.java:907)
	at org.testng.Assert.assertEquals(Assert.java:917)
	at TestRespones.testPostEmp(TestRespones.java:60)

testPostEmp(TestRespones)  Time elapsed: 0.158 sec  <<< FAILURE!
java.lang.AssertionError: expected [0] but found [-14]
	at org.testng.Assert.fail(Assert.java:99)
	at org.testng.Assert.failNotEquals(Assert.java:1037)
	at org.testng.Assert.assertEqualsImpl(Assert.java:140)
	at org.testng.Assert.assertEquals(Assert.java:122)
	at org.testng.Assert.assertEquals(Assert.java:907)
	at org.testng.Assert.assertEquals(Assert.java:917)
	at TestRespones.testPostEmp(TestRespones.java:60)

testPostEmp(TestRespones)  Time elapsed: 0.204 sec  <<< FAILURE!
java.lang.AssertionError: expected [0] but found [-14]
	at org.testng.Assert.fail(Assert.java:99)
	at org.testng.Assert.failNotEquals(Assert.java:1037)
	at org.testng.Assert.assertEqualsImpl(Assert.java:140)
	at org.testng.Assert.assertEquals(Assert.java:122)
	at org.testng.Assert.assertEquals(Assert.java:907)
	at org.testng.Assert.assertEquals(Assert.java:917)
	at TestRespones.testPostEmp(TestRespones.java:60)

testPostEmp(TestRespones)  Time elapsed: 0.199 sec  <<< FAILURE!
java.lang.AssertionError: expected [0] but found [-14]
	at org.testng.Assert.fail(Assert.java:99)
	at org.testng.Assert.failNotEquals(Assert.java:1037)
	at org.testng.Assert.assertEqualsImpl(Assert.java:140)
	at org.testng.Assert.assertEquals(Assert.java:122)
	at org.testng.Assert.assertEquals(Assert.java:907)
	at org.testng.Assert.assertEquals(Assert.java:917)
	at TestRespones.testPostEmp(TestRespones.java:60)

testPostEmp(TestRespones)  Time elapsed: 0.169 sec  <<< FAILURE!
java.lang.AssertionError: expected [0] but found [-14]
	at org.testng.Assert.fail(Assert.java:99)
	at org.testng.Assert.failNotEquals(Assert.java:1037)
	at org.testng.Assert.assertEqualsImpl(Assert.java:140)
	at org.testng.Assert.assertEquals(Assert.java:122)
	at org.testng.Assert.assertEquals(Assert.java:907)
	at org.testng.Assert.assertEquals(Assert.java:917)
	at TestRespones.testPostEmp(TestRespones.java:60)

testPutEmp(TestRespones)  Time elapsed: 0.391 sec  <<< FAILURE!
java.lang.AssertionError: expected [2500] but found [1250.0]
	at org.testng.Assert.fail(Assert.java:99)
	at org.testng.Assert.failNotEquals(Assert.java:1037)
	at org.testng.Assert.assertEqualsImpl(Assert.java:140)
	at org.testng.Assert.assertEquals(Assert.java:122)
	at org.testng.Assert.assertEquals(Assert.java:617)
	at TestRespones.testPutEmp(TestRespones.java:103)

testPutEmp(TestRespones)  Time elapsed: 0.376 sec  <<< FAILURE!
java.lang.AssertionError: expected [Qasem] but found [Osama]
	at org.testng.Assert.fail(Assert.java:99)
	at org.testng.Assert.failNotEquals(Assert.java:1037)
	at org.testng.Assert.assertEqualsImpl(Assert.java:140)
	at org.testng.Assert.assertEquals(Assert.java:122)
	at org.testng.Assert.assertEquals(Assert.java:617)
	at TestRespones.testPutEmp(TestRespones.java:101)

testPutEmp(TestRespones)  Time elapsed: 0.409 sec  <<< FAILURE!
java.lang.AssertionError: expected [Raed] but found [Thaer]
	at org.testng.Assert.fail(Assert.java:99)
	at org.testng.Assert.failNotEquals(Assert.java:1037)
	at org.testng.Assert.assertEqualsImpl(Assert.java:140)
	at org.testng.Assert.assertEquals(Assert.java:122)
	at org.testng.Assert.assertEquals(Assert.java:617)
	at TestRespones.testPutEmp(TestRespones.java:101)

testPutEmp(TestRespones)  Time elapsed: 0.429 sec  <<< FAILURE!
java.lang.AssertionError: expected [Rand] but found [Wael]
	at org.testng.Assert.fail(Assert.java:99)
	at org.testng.Assert.failNotEquals(Assert.java:1037)
	at org.testng.Assert.assertEqualsImpl(Assert.java:140)
	at org.testng.Assert.assertEquals(Assert.java:122)
	at org.testng.Assert.assertEquals(Assert.java:617)
	at TestRespones.testPutEmp(TestRespones.java:101)

